<?xml version="1.0" encoding="UTF-8"?>
<!-- Generated by org.testng.reporters.JUnitXMLReporter -->
<testsuite hostname="DESKTOP-I6AMPCE" ignored="0" name="Default test" tests="3" failures="0" timestamp="21 lip 2017 16:49:49 GMT" time="60.226" errors="0">
  <testcase name="RoundtripTest" time="11.473" classname="test.FlightsBookmark"/>
  <testcase name="oneWayTest" time="9.689" classname="test.FlightsBookmark"/>
  <testcase name="multicityTest" time="18.61" classname="test.FlightsBookmark"/>
</testsuite> <!-- Default test -->
