<?xml version="1.0" encoding="UTF-8"?>
<testng-results skipped="0" failed="0" ignored="0" total="2" passed="2">
  <reporter-output>
  </reporter-output>
  <suite name="Default suite" duration-ms="44123" started-at="2017-07-20T15:47:33Z" finished-at="2017-07-20T15:48:17Z">
    <groups>
    </groups>
    <test name="Default test" duration-ms="44123" started-at="2017-07-20T15:47:33Z" finished-at="2017-07-20T15:48:17Z">
      <class name="com.expedia.owntests.FlightsBookmark">
        <test-method status="PASS" signature="beforeMethod()[pri:0, instance:com.expedia.owntests.FlightsBookmark@3abbfa04]" name="beforeMethod" is-config="true" duration-ms="11433" started-at="2017-07-20T17:47:33Z" finished-at="2017-07-20T17:47:45Z">
          <reporter-output>
          </reporter-output>
        </test-method> <!-- beforeMethod -->
        <test-method status="PASS" signature="RoundtripTest()[pri:0, instance:com.expedia.owntests.FlightsBookmark@3abbfa04]" name="RoundtripTest" duration-ms="12258" started-at="2017-07-20T17:47:45Z" finished-at="2017-07-20T17:47:57Z">
          <reporter-output>
          </reporter-output>
        </test-method> <!-- RoundtripTest -->
        <test-method status="PASS" signature="afterMethod()[pri:0, instance:com.expedia.owntests.FlightsBookmark@3abbfa04]" name="afterMethod" is-config="true" duration-ms="854" started-at="2017-07-20T17:47:57Z" finished-at="2017-07-20T17:47:58Z">
          <reporter-output>
          </reporter-output>
        </test-method> <!-- afterMethod -->
        <test-method status="PASS" signature="beforeMethod()[pri:0, instance:com.expedia.owntests.FlightsBookmark@3abbfa04]" name="beforeMethod" is-config="true" duration-ms="8022" started-at="2017-07-20T17:47:58Z" finished-at="2017-07-20T17:48:06Z">
          <reporter-output>
          </reporter-output>
        </test-method> <!-- beforeMethod -->
        <test-method status="PASS" signature="oneWayTest()[pri:0, instance:com.expedia.owntests.FlightsBookmark@3abbfa04]" name="oneWayTest" duration-ms="10753" started-at="2017-07-20T17:48:06Z" finished-at="2017-07-20T17:48:16Z">
          <reporter-output>
          </reporter-output>
        </test-method> <!-- oneWayTest -->
        <test-method status="PASS" signature="afterMethod()[pri:0, instance:com.expedia.owntests.FlightsBookmark@3abbfa04]" name="afterMethod" is-config="true" duration-ms="785" started-at="2017-07-20T17:48:16Z" finished-at="2017-07-20T17:48:17Z">
          <reporter-output>
          </reporter-output>
        </test-method> <!-- afterMethod -->
      </class> <!-- com.expedia.owntests.FlightsBookmark -->
    </test> <!-- Default test -->
  </suite> <!-- Default suite -->
</testng-results>
