<?xml version="1.0" encoding="UTF-8"?>
<testng-results skipped="0" failed="1" ignored="0" total="3" passed="2">
  <reporter-output>
  </reporter-output>
  <suite name="Default suite" duration-ms="54723" started-at="2017-07-20T12:34:53Z" finished-at="2017-07-20T12:35:47Z">
    <groups>
    </groups>
    <test name="Default test" duration-ms="54723" started-at="2017-07-20T12:34:53Z" finished-at="2017-07-20T12:35:47Z">
      <class name="com.expedia.owntests.FlightsBookmark">
        <test-method status="PASS" signature="beforeClass()[pri:0, instance:com.expedia.owntests.FlightsBookmark@31ef45e3]" name="beforeClass" is-config="true" duration-ms="213" started-at="2017-07-20T14:34:53Z" finished-at="2017-07-20T14:34:53Z">
          <reporter-output>
          </reporter-output>
        </test-method> <!-- beforeClass -->
        <test-method status="PASS" signature="beforeMethod()[pri:0, instance:com.expedia.owntests.FlightsBookmark@31ef45e3]" name="beforeMethod" is-config="true" duration-ms="10343" started-at="2017-07-20T14:34:53Z" finished-at="2017-07-20T14:35:03Z">
          <reporter-output>
          </reporter-output>
        </test-method> <!-- beforeMethod -->
        <test-method status="PASS" signature="RoundtripTest()[pri:0, instance:com.expedia.owntests.FlightsBookmark@31ef45e3]" name="RoundtripTest" duration-ms="11110" started-at="2017-07-20T14:35:03Z" finished-at="2017-07-20T14:35:14Z">
          <reporter-output>
          </reporter-output>
        </test-method> <!-- RoundtripTest -->
        <test-method status="PASS" signature="afterMethod()[pri:0, instance:com.expedia.owntests.FlightsBookmark@31ef45e3]" name="afterMethod" is-config="true" duration-ms="875" started-at="2017-07-20T14:35:14Z" finished-at="2017-07-20T14:35:15Z">
          <reporter-output>
          </reporter-output>
        </test-method> <!-- afterMethod -->
        <test-method status="PASS" signature="beforeMethod()[pri:0, instance:com.expedia.owntests.FlightsBookmark@31ef45e3]" name="beforeMethod" is-config="true" duration-ms="8591" started-at="2017-07-20T14:35:15Z" finished-at="2017-07-20T14:35:24Z">
          <reporter-output>
          </reporter-output>
        </test-method> <!-- beforeMethod -->
        <test-method status="FAIL" signature="multicityTest()[pri:0, instance:com.expedia.owntests.FlightsBookmark@31ef45e3]" name="multicityTest" duration-ms="1" started-at="2017-07-20T14:35:24Z" finished-at="2017-07-20T14:35:24Z">
          <exception class="java.lang.NullPointerException">
            <full-stacktrace>
              <![CDATA[java.lang.NullPointerException
	at com.expedia.owntests.FlightsBookmark.multicityTest(FlightsBookmark.java:142)
	at sun.reflect.NativeMethodAccessorImpl.invoke0(Native Method)
	at sun.reflect.NativeMethodAccessorImpl.invoke(Unknown Source)
	at sun.reflect.DelegatingMethodAccessorImpl.invoke(Unknown Source)
	at java.lang.reflect.Method.invoke(Unknown Source)
	at org.testng.internal.MethodInvocationHelper.invokeMethod(MethodInvocationHelper.java:108)
	at org.testng.internal.Invoker.invokeMethod(Invoker.java:661)
	at org.testng.internal.Invoker.invokeTestMethod(Invoker.java:869)
	at org.testng.internal.Invoker.invokeTestMethods(Invoker.java:1193)
	at org.testng.internal.TestMethodWorker.invokeTestMethods(TestMethodWorker.java:126)
	at org.testng.internal.TestMethodWorker.run(TestMethodWorker.java:109)
	at org.testng.TestRunner.privateRun(TestRunner.java:744)
	at org.testng.TestRunner.run(TestRunner.java:602)
	at org.testng.SuiteRunner.runTest(SuiteRunner.java:380)
	at org.testng.SuiteRunner.runSequentially(SuiteRunner.java:375)
	at org.testng.SuiteRunner.privateRun(SuiteRunner.java:340)
	at org.testng.SuiteRunner.run(SuiteRunner.java:289)
	at org.testng.SuiteRunnerWorker.runSuite(SuiteRunnerWorker.java:52)
	at org.testng.SuiteRunnerWorker.run(SuiteRunnerWorker.java:86)
	at org.testng.TestNG.runSuitesSequentially(TestNG.java:1301)
	at org.testng.TestNG.runSuitesLocally(TestNG.java:1226)
	at org.testng.TestNG.runSuites(TestNG.java:1144)
	at org.testng.TestNG.run(TestNG.java:1115)
	at org.testng.remote.AbstractRemoteTestNG.run(AbstractRemoteTestNG.java:132)
	at org.testng.remote.RemoteTestNG.initAndRun(RemoteTestNG.java:230)
	at org.testng.remote.RemoteTestNG.main(RemoteTestNG.java:76)
]]>
            </full-stacktrace>
          </exception> <!-- java.lang.NullPointerException -->
          <reporter-output>
          </reporter-output>
        </test-method> <!-- multicityTest -->
        <test-method status="PASS" signature="afterMethod()[pri:0, instance:com.expedia.owntests.FlightsBookmark@31ef45e3]" name="afterMethod" is-config="true" duration-ms="717" started-at="2017-07-20T14:35:24Z" finished-at="2017-07-20T14:35:24Z">
          <reporter-output>
          </reporter-output>
        </test-method> <!-- afterMethod -->
        <test-method status="PASS" signature="beforeMethod()[pri:0, instance:com.expedia.owntests.FlightsBookmark@31ef45e3]" name="beforeMethod" is-config="true" duration-ms="9359" started-at="2017-07-20T14:35:24Z" finished-at="2017-07-20T14:35:34Z">
          <reporter-output>
          </reporter-output>
        </test-method> <!-- beforeMethod -->
        <test-method status="PASS" signature="oneWayTest()[pri:0, instance:com.expedia.owntests.FlightsBookmark@31ef45e3]" name="oneWayTest" duration-ms="10519" started-at="2017-07-20T14:35:34Z" finished-at="2017-07-20T14:35:44Z">
          <reporter-output>
          </reporter-output>
        </test-method> <!-- oneWayTest -->
        <test-method status="PASS" signature="afterMethod()[pri:0, instance:com.expedia.owntests.FlightsBookmark@31ef45e3]" name="afterMethod" is-config="true" duration-ms="741" started-at="2017-07-20T14:35:44Z" finished-at="2017-07-20T14:35:45Z">
          <reporter-output>
          </reporter-output>
        </test-method> <!-- afterMethod -->
        <test-method status="PASS" signature="afterClass()[pri:0, instance:com.expedia.owntests.FlightsBookmark@31ef45e3]" name="afterClass" is-config="true" duration-ms="2238" started-at="2017-07-20T14:35:45Z" finished-at="2017-07-20T14:35:47Z">
          <reporter-output>
          </reporter-output>
        </test-method> <!-- afterClass -->
      </class> <!-- com.expedia.owntests.FlightsBookmark -->
    </test> <!-- Default test -->
  </suite> <!-- Default suite -->
</testng-results>
